["```py\nimport unittest\nclass StockTest(unittest.TestCase):\n    def test_price_of_a_new_stock_class_should_be_None(self):\n        stock = Stock(\"GOOG\")\n        self.assertIsNone(stock.price)\nif __name__ == \"__main__\":\n    unittest.main()\n```", "```py\n    python.exe stock_alerter\\stock.py\n\n    ```", "```py\n    python3 stock_alerter/stock.py\n\n    ```", "```py\nE\n=====================================================================\nERROR: test_price_of_a_new_stock_class_should_be_None (__main__.StockTest)\n---------------------------------------------------------------------\nTraceback (most recent call last):\n File \"stock_alerter\\stock.py\", line 6, in test_price_of_a_new_stock_class_should_be_None\n stock = Stock(\"GOOG\")\nNameError: name 'Stock' is not defined\n---------------------------------------------------------------------\nRan 1 test in 0.001s\n\nFAILED (errors=1)\n\n```", "```py\nclass Stock:\n    def __init__(self, symbol):\n        self.symbol = symbol\n        self.price = None\n```", "```py\n.\n---------------------------------------------------------------------\nRan 1 test in 0.000s\n\nOK\n\n```", "```py\nroot\n|\n+- package\n|  |\n|  +- file1\n|  +- file2\n|\n+- test\n   |\n   +- test_file1\n   +- test_file2\n```", "```py\nroot\n|\n+- package\n   |\n   +- file1\n   +- file2\n   +- test\n      |\n      +- test_file1\n      +- test_file2\n```", "```py\nimport unittest\nfrom ..stock import Stock\n\nclass StockTest(unittest.TestCase):\n    def test_price_of_a_new_stock_class_should_be_None(self):\n        stock = Stock(\"GOOG\")\n        self.assertIsNone(stock.price)\n```", "```py\nsrc\n|\n+- stock_alerter\n   |\n   +- __init__.py\n   +- stock.py\n   +- tests\n      +- __init__.py\n      +- test_stock.py\n```", "```py\n    python.exe -m unittest\n\n    ```", "```py\n    python3 -m unittest\n\n    ```", "```py\npython3 -m unittest discover\n\n```", "```py\npython3 -m unittest discover -s stock_alerter\n\n```", "```py\npython3 -m unittest discover -s stock_alerter -t .\n\n```"]